0 info it worked if it ends with ok
1 verbose cli [ 'C:\\Program Files\\nodejs\\node.exe',
1 verbose cli   'C:\\Program Files\\nodejs\\node_modules\\npm\\bin\\npm-cli.js',
1 verbose cli   'start' ]
2 info using npm@3.3.6
3 info using node@v5.0.0
4 verbose run-script [ 'prestart', 'start', 'poststart' ]
5 info lifecycle BookItineraries@~prestart: BookItineraries@
6 silly lifecycle BookItineraries@~prestart: no script for prestart, continuing
7 info lifecycle BookItineraries@~start: BookItineraries@
8 verbose lifecycle BookItineraries@~start: unsafe-perm in lifecycle true
9 verbose lifecycle BookItineraries@~start: PATH: C:\Program Files\nodejs\node_modules\npm\bin\node-gyp-bin;D:\Projects\BookItineraries\node_modules\.bin;C:\ProgramData\Oracle\Java\javapath;C:\WINDOWS\system32;C:\WINDOWS;C:\WINDOWS\System32\Wbem;C:\WINDOWS\System32\WindowsPowerShell\v1.0\;C:\WINDOWS\system32\config\systemprofile\.dnx\bin;C:\Program Files\Microsoft DNX\Dnvm\;C:\Program Files\nodejs\;C:\Program Files (x86)\GtkSharp\2.12\bin;C:\Program Files\doxygen\bin;C:\Program Files (x86)\Skype\Phone\;C:\Program Files (x86)\Heroku\bin;C:\Program Files (x86)\git\cmd;C:\RailsInstaller\Git\cmd;C:\RailsInstaller\Ruby2.2.0\bin;C:\Ruby22-x64\bin;C:\Users\Cortez\AppData\Roaming\npm;C:\Users\Cortez\AppData\Local\atom\bin
10 verbose lifecycle BookItineraries@~start: CWD: D:\Projects\BookItineraries
11 silly lifecycle BookItineraries@~start: Args: [ '/d /s /c', 'node server.js' ]
12 silly lifecycle BookItineraries@~start: Returned: code: 1  signal: null
13 info lifecycle BookItineraries@~start: Failed to exec start script
14 verbose stack Error: BookItineraries@ start: `node server.js`
14 verbose stack Exit status 1
14 verbose stack     at EventEmitter.<anonymous> (C:\Program Files\nodejs\node_modules\npm\lib\utils\lifecycle.js:233:16)
14 verbose stack     at emitTwo (events.js:87:13)
14 verbose stack     at EventEmitter.emit (events.js:172:7)
14 verbose stack     at ChildProcess.<anonymous> (C:\Program Files\nodejs\node_modules\npm\lib\utils\spawn.js:24:14)
14 verbose stack     at emitTwo (events.js:87:13)
14 verbose stack     at ChildProcess.emit (events.js:172:7)
14 verbose stack     at maybeClose (internal/child_process.js:818:16)
14 verbose stack     at Process.ChildProcess._handle.onexit (internal/child_process.js:211:5)
15 verbose pkgid BookItineraries@
16 verbose cwd D:\Projects\BookItineraries
17 error Windows_NT 10.0.10586
18 error argv "C:\\Program Files\\nodejs\\node.exe" "C:\\Program Files\\nodejs\\node_modules\\npm\\bin\\npm-cli.js" "start"
19 error node v5.0.0
20 error npm  v3.3.6
21 error code ELIFECYCLE
22 error BookItineraries@ start: `node server.js`
22 error Exit status 1
23 error Failed at the BookItineraries@ start script 'node server.js'.
23 error This is most likely a problem with the BookItineraries package,
23 error not with npm itself.
23 error Tell the author that this fails on your system:
23 error     node server.js
23 error You can get their info via:
23 error     npm owner ls BookItineraries
23 error There is likely additional logging output above.
24 verbose exit [ 1, true ]
